<?xml version="1.0" encoding="UTF-8"?>
<testsuite name="com.auctopus.project.ProjectApplicationTests" tests="1" skipped="0" failures="0" errors="0" timestamp="2023-01-26T00:12:21" hostname="DESKTOP-DOGVPUB" time="0.203">
  <properties/>
  <testcase name="contextLoads()" classname="com.auctopus.project.ProjectApplicationTests" time="0.203"/>
  <system-out><![CDATA[09:12:12.387 [Test worker] DEBUG org.springframework.test.context.BootstrapUtils - Instantiating CacheAwareContextLoaderDelegate from class [org.springframework.test.context.cache.DefaultCacheAwareContextLoaderDelegate]
09:12:12.402 [Test worker] DEBUG org.springframework.test.context.BootstrapUtils - Instantiating BootstrapContext using constructor [public org.springframework.test.context.support.DefaultBootstrapContext(java.lang.Class,org.springframework.test.context.CacheAwareContextLoaderDelegate)]
09:12:12.448 [Test worker] DEBUG org.springframework.test.context.BootstrapUtils - Instantiating TestContextBootstrapper for test class [com.auctopus.project.ProjectApplicationTests] from class [org.springframework.boot.test.context.SpringBootTestContextBootstrapper]
09:12:12.466 [Test worker] INFO org.springframework.boot.test.context.SpringBootTestContextBootstrapper - Neither @ContextConfiguration nor @ContextHierarchy found for test class [com.auctopus.project.ProjectApplicationTests], using SpringBootContextLoader
09:12:12.472 [Test worker] DEBUG org.springframework.test.context.support.AbstractContextLoader - Did not detect default resource location for test class [com.auctopus.project.ProjectApplicationTests]: class path resource [com/auctopus/project/ProjectApplicationTests-context.xml] does not exist
09:12:12.473 [Test worker] DEBUG org.springframework.test.context.support.AbstractContextLoader - Did not detect default resource location for test class [com.auctopus.project.ProjectApplicationTests]: class path resource [com/auctopus/project/ProjectApplicationTestsContext.groovy] does not exist
09:12:12.473 [Test worker] INFO org.springframework.test.context.support.AbstractContextLoader - Could not detect default resource locations for test class [com.auctopus.project.ProjectApplicationTests]: no resource found for suffixes {-context.xml, Context.groovy}.
09:12:12.473 [Test worker] INFO org.springframework.test.context.support.AnnotationConfigContextLoaderUtils - Could not detect default configuration classes for test class [com.auctopus.project.ProjectApplicationTests]: ProjectApplicationTests does not declare any static, non-private, non-final, nested classes annotated with @Configuration.
09:12:12.540 [Test worker] DEBUG org.springframework.test.context.support.ActiveProfilesUtils - Could not find an 'annotation declaring class' for annotation type [org.springframework.test.context.ActiveProfiles] and class [com.auctopus.project.ProjectApplicationTests]
09:12:12.642 [Test worker] DEBUG org.springframework.context.annotation.ClassPathScanningCandidateComponentProvider - Identified candidate component class: file [C:\Users\SSAFY\Desktop\gitlab\S08P12A704\backend\build\classes\java\main\com\auctopus\project\ProjectApplication.class]
09:12:12.643 [Test worker] INFO org.springframework.boot.test.context.SpringBootTestContextBootstrapper - Found @SpringBootConfiguration com.auctopus.project.ProjectApplication for test class com.auctopus.project.ProjectApplicationTests
09:12:12.798 [Test worker] DEBUG org.springframework.boot.test.context.SpringBootTestContextBootstrapper - @TestExecutionListeners is not present for class [com.auctopus.project.ProjectApplicationTests]: using defaults.
09:12:12.798 [Test worker] INFO org.springframework.boot.test.context.SpringBootTestContextBootstrapper - Loaded default TestExecutionListener class names from location [META-INF/spring.factories]: [org.springframework.boot.test.autoconfigure.restdocs.RestDocsTestExecutionListener, org.springframework.boot.test.autoconfigure.web.client.MockRestServiceServerResetTestExecutionListener, org.springframework.boot.test.autoconfigure.web.servlet.MockMvcPrintOnlyOnFailureTestExecutionListener, org.springframework.boot.test.autoconfigure.web.servlet.WebDriverTestExecutionListener, org.springframework.boot.test.autoconfigure.webservices.client.MockWebServiceServerTestExecutionListener, org.springframework.boot.test.mock.mockito.MockitoTestExecutionListener, org.springframework.boot.test.mock.mockito.ResetMocksTestExecutionListener, org.springframework.test.context.web.ServletTestExecutionListener, org.springframework.test.context.support.DirtiesContextBeforeModesTestExecutionListener, org.springframework.test.context.event.ApplicationEventsTestExecutionListener, org.springframework.test.context.support.DependencyInjectionTestExecutionListener, org.springframework.test.context.support.DirtiesContextTestExecutionListener, org.springframework.test.context.transaction.TransactionalTestExecutionListener, org.springframework.test.context.jdbc.SqlScriptsTestExecutionListener, org.springframework.test.context.event.EventPublishingTestExecutionListener]
09:12:12.818 [Test worker] INFO org.springframework.boot.test.context.SpringBootTestContextBootstrapper - Using TestExecutionListeners: [org.springframework.test.context.web.ServletTestExecutionListener@3f2049b6, org.springframework.test.context.support.DirtiesContextBeforeModesTestExecutionListener@10b3df93, org.springframework.test.context.event.ApplicationEventsTestExecutionListener@ea27e34, org.springframework.boot.test.mock.mockito.MockitoTestExecutionListener@33a2499c, org.springframework.boot.test.autoconfigure.SpringBootDependencyInjectionTestExecutionListener@e72dba7, org.springframework.test.context.support.DirtiesContextTestExecutionListener@33c2bd, org.springframework.test.context.transaction.TransactionalTestExecutionListener@1dfd5f51, org.springframework.test.context.jdbc.SqlScriptsTestExecutionListener@3c321bdb, org.springframework.test.context.event.EventPublishingTestExecutionListener@24855019, org.springframework.boot.test.autoconfigure.restdocs.RestDocsTestExecutionListener@3abd581e, org.springframework.boot.test.autoconfigure.web.client.MockRestServiceServerResetTestExecutionListener@4d4d8fcf, org.springframework.boot.test.autoconfigure.web.servlet.MockMvcPrintOnlyOnFailureTestExecutionListener@610db97e, org.springframework.boot.test.autoconfigure.web.servlet.WebDriverTestExecutionListener@6f0628de, org.springframework.boot.test.autoconfigure.webservices.client.MockWebServiceServerTestExecutionListener@3fabf088, org.springframework.boot.test.mock.mockito.ResetMocksTestExecutionListener@1e392345]
09:12:12.824 [Test worker] DEBUG org.springframework.test.context.support.AbstractDirtiesContextTestExecutionListener - Before test class: context [DefaultTestContext@50d68830 testClass = ProjectApplicationTests, testInstance = [null], testMethod = [null], testException = [null], mergedContextConfiguration = [WebMergedContextConfiguration@1e53135d testClass = ProjectApplicationTests, locations = '{}', classes = '{class com.auctopus.project.ProjectApplication}', contextInitializerClasses = '[]', activeProfiles = '{}', propertySourceLocations = '{}', propertySourceProperties = '{org.springframework.boot.test.context.SpringBootTestContextBootstrapper=true}', contextCustomizers = set[org.springframework.boot.test.autoconfigure.actuate.metrics.MetricsExportContextCustomizerFactory$DisableMetricExportContextCustomizer@a776e, org.springframework.boot.test.autoconfigure.properties.PropertyMappingContextCustomizer@0, org.springframework.boot.test.autoconfigure.web.servlet.WebDriverContextCustomizerFactory$Customizer@e077866, org.springframework.boot.test.context.filter.ExcludeFilterContextCustomizer@1c7fd41f, org.springframework.boot.test.json.DuplicateJsonObjectContextCustomizerFactory$DuplicateJsonObjectContextCustomizer@662f5666, org.springframework.boot.test.mock.mockito.MockitoContextCustomizer@0, org.springframework.boot.test.web.client.TestRestTemplateContextCustomizer@5c87bfe2, org.springframework.boot.test.context.SpringBootTestArgs@1, org.springframework.boot.test.context.SpringBootTestWebEnvironment@5e21e98f], resourceBasePath = 'src/main/webapp', contextLoader = 'org.springframework.boot.test.context.SpringBootContextLoader', parent = [null]], attributes = map['org.springframework.test.context.web.ServletTestExecutionListener.activateListener' -> true]], class annotated with @DirtiesContext [false] with mode [null].

  .   ____          _            __ _ _
 /\\ / ___'_ __ _ _(_)_ __  __ _ \ \ \ \
( ( )\___ | '_ | '_| | '_ \/ _` | \ \ \ \
 \\/  ___)| |_)| | | | | || (_| |  ) ) ) )
  '  |____| .__|_| |_|_| |_\__, | / / / /
 =========|_|==============|___/=/_/_/_/
 :: Spring Boot ::                (v2.7.7)

2023-01-26 09:12:13.330  INFO 11808 --- [    Test worker] c.a.project.ProjectApplicationTests      : Starting ProjectApplicationTests using Java 11.0.17 on DESKTOP-DOGVPUB with PID 11808 (started by SSAFY in C:\Users\SSAFY\Desktop\gitlab\S08P12A704\backend)
2023-01-26 09:12:13.332  INFO 11808 --- [    Test worker] c.a.project.ProjectApplicationTests      : No active profile set, falling back to 1 default profile: "default"
2023-01-26 09:12:14.561  INFO 11808 --- [    Test worker] .s.d.r.c.RepositoryConfigurationDelegate : Bootstrapping Spring Data JPA repositories in DEFAULT mode.
2023-01-26 09:12:14.734  INFO 11808 --- [    Test worker] .s.d.r.c.RepositoryConfigurationDelegate : Finished Spring Data repository scanning in 148 ms. Found 3 JPA repository interfaces.
2023-01-26 09:12:15.294  INFO 11808 --- [    Test worker] trationDelegate$BeanPostProcessorChecker : Bean 'org.springframework.ws.config.annotation.DelegatingWsConfiguration' of type [org.springframework.ws.config.annotation.DelegatingWsConfiguration$$EnhancerBySpringCGLIB$$77452fea] is not eligible for getting processed by all BeanPostProcessors (for example: not eligible for auto-proxying)
2023-01-26 09:12:15.392  INFO 11808 --- [    Test worker] .w.s.a.s.AnnotationActionEndpointMapping : Supporting [WS-Addressing August 2004, WS-Addressing 1.0]
2023-01-26 09:12:15.941  INFO 11808 --- [    Test worker] o.hibernate.jpa.internal.util.LogHelper  : HHH000204: Processing PersistenceUnitInfo [name: default]
2023-01-26 09:12:16.052  INFO 11808 --- [    Test worker] org.hibernate.Version                    : HHH000412: Hibernate ORM core version 5.6.14.Final
2023-01-26 09:12:16.360  INFO 11808 --- [    Test worker] o.hibernate.annotations.common.Version   : HCANN000001: Hibernate Commons Annotations {5.1.2.Final}
2023-01-26 09:12:16.607  INFO 11808 --- [    Test worker] com.zaxxer.hikari.HikariDataSource       : HikariPool-1 - Starting...
2023-01-26 09:12:16.754  INFO 11808 --- [    Test worker] com.zaxxer.hikari.HikariDataSource       : HikariPool-1 - Start completed.
2023-01-26 09:12:16.817  INFO 11808 --- [    Test worker] org.hibernate.dialect.Dialect            : HHH000400: Using dialect: org.hibernate.dialect.MariaDB103Dialect
2023-01-26 09:12:18.098  INFO 11808 --- [    Test worker] o.h.e.t.j.p.i.JtaPlatformInitiator       : HHH000490: Using JtaPlatform implementation: [org.hibernate.engine.transaction.jta.platform.internal.NoJtaPlatform]
2023-01-26 09:12:18.115  INFO 11808 --- [    Test worker] j.LocalContainerEntityManagerFactoryBean : Initialized JPA EntityManagerFactory for persistence unit 'default'
2023-01-26 09:12:18.957  WARN 11808 --- [    Test worker] JpaBaseConfiguration$JpaWebConfiguration : spring.jpa.open-in-view is enabled by default. Therefore, database queries may be performed during view rendering. Explicitly configure spring.jpa.open-in-view to disable this warning
2023-01-26 09:12:19.107  WARN 11808 --- [    Test worker] .s.s.UserDetailsServiceAutoConfiguration : 

Using generated security password: 34e22b95-bc8f-477d-8ead-dd3a34f9956f

This generated password is for development use only. Your security configuration must be updated before running your application in production.

2023-01-26 09:12:19.514  INFO 11808 --- [    Test worker] o.s.s.web.DefaultSecurityFilterChain     : Will secure any request with [org.springframework.security.web.session.DisableEncodeUrlFilter@477e5b69, org.springframework.security.web.context.request.async.WebAsyncManagerIntegrationFilter@7da6d695, org.springframework.security.web.context.SecurityContextPersistenceFilter@400d1c30, org.springframework.security.web.header.HeaderWriterFilter@23e3a27f, org.springframework.security.web.authentication.logout.LogoutFilter@48301bfe, com.auctopus.project.config.JwtAuthorizationFilter@74a991cf, org.springframework.security.web.savedrequest.RequestCacheAwareFilter@663e1144, org.springframework.security.web.servletapi.SecurityContextHolderAwareRequestFilter@5089a72b, org.springframework.security.web.authentication.AnonymousAuthenticationFilter@6097f225, org.springframework.security.web.session.SessionManagementFilter@7ef7faa9, org.springframework.security.web.access.ExceptionTranslationFilter@66e434e8]
2023-01-26 09:12:21.162  INFO 11808 --- [    Test worker] c.a.project.ProjectApplicationTests      : Started ProjectApplicationTests in 8.29 seconds (JVM running for 10.505)
]]></system-out>
  <system-err><![CDATA[]]></system-err>
</testsuite>
